<?xml version="1.0" encoding="UTF-8"?>
<!-- Generated by org.testng.reporters.JUnitXMLReporter -->
<testsuite hostname="TaSoSsS-PC" ignored="0" name="Apco-Worldwide" tests="2" failures="1" timestamp="21 Apr 2019 10:17:59 GMT" time="6.184" errors="0">
  <testcase name="@BeforeMethod setUp" time="5.561" classname="com.apcoworldwide.qa.testcases.ContactPageTest">
    <failure type="io.github.bonigarcia.wdm.WebDriverManagerException" message="io.github.bonigarcia.wdm.WebDriverManagerException: MicrosoftWebDriver.exe should be installed in an elevated command prompt executing: dism /Online /Add-Capability /CapabilityName:Microsoft.WebDriver~~~~0.0.1.0">
      <![CDATA[io.github.bonigarcia.wdm.WebDriverManagerException: io.github.bonigarcia.wdm.WebDriverManagerException: MicrosoftWebDriver.exe should be installed in an elevated command prompt executing: dism /Online /Add-Capability /CapabilityName:Microsoft.WebDriver~~~~0.0.1.0
at io.github.bonigarcia.wdm.WebDriverManager.handleException(WebDriverManager.java:715)
at io.github.bonigarcia.wdm.WebDriverManager.manage(WebDriverManager.java:540)
at io.github.bonigarcia.wdm.WebDriverManager.setup(WebDriverManager.java:260)
at com.apcoworldwide.qa.base.TestBase.initialization(TestBase.java:62)
at com.apcoworldwide.qa.testcases.ContactPageTest.setUp(ContactPageTest.java:32)
Caused by: io.github.bonigarcia.wdm.WebDriverManagerException: MicrosoftWebDriver.exe should be installed in an elevated command prompt executing: dism /Online /Add-Capability /CapabilityName:Microsoft.WebDriver~~~~0.0.1.0
at io.github.bonigarcia.wdm.WebDriverManager.checkInsiderVersion(WebDriverManager.java:599)
at io.github.bonigarcia.wdm.WebDriverManager.manage(WebDriverManager.java:499)
... 31 more
... Removed 28 stack frames]]>
    </failure>
  </testcase> <!-- @BeforeMethod setUp -->
  <testcase name="linkListTest" time="0.0" classname="com.apcoworldwide.qa.testcases.ContactPageTest">
    <skipped/>
  </testcase> <!-- linkListTest -->
  <testcase name="linkListTest" time="6.087" classname="com.apcoworldwide.qa.testcases.ContactPageTest">
    <failure type="java.lang.NullPointerException">
      <![CDATA[java.lang.NullPointerException
at com.apcoworldwide.qa.utils.TestUtil.getScreenshot(TestUtil.java:60)
at com.apcoworldwide.qa.reporter.ExtentReportListener.onTestSkipped(ExtentReportListener.java:118)
... Removed 23 stack frames]]>
    </failure>
  </testcase> <!-- linkListTest -->
</testsuite> <!-- Apco-Worldwide -->
