<html>
<head>
<title>TestNG:  Test</title>
<link href="../testng.css" rel="stylesheet" type="text/css" />
<link href="../my-testng.css" rel="stylesheet" type="text/css" />

<style type="text/css">
.log { display: none;} 
.stack-trace { display: none;} 
</style>
<script type="text/javascript">
<!--
function flip(e) {
  current = e.style.display;
  if (current == 'block') {
    e.style.display = 'none';
    return 0;
  }
  else {
    e.style.display = 'block';
    return 1;
  }
}

function toggleBox(szDivId, elem, msg1, msg2)
{
  var res = -1;  if (document.getElementById) {
    res = flip(document.getElementById(szDivId));
  }
  else if (document.all) {
    // this is the way old msie versions work
    res = flip(document.all[szDivId]);
  }
  if(elem) {
    if(res == 0) elem.innerHTML = msg1; else elem.innerHTML = msg2;
  }

}

function toggleAllBoxes() {
  if (document.getElementsByTagName) {
    d = document.getElementsByTagName('div');
    for (i = 0; i < d.length; i++) {
      if (d[i].className == 'log') {
        flip(d[i]);
      }
    }
  }
}

// -->
</script>

</head>
<body>
<h2 align='center'>Test</h2><table border='1' align="center">
<tr>
<td>Tests passed/Failed/Skipped:</td><td>6/1/0</td>
</tr><tr>
<td>Started on:</td><td>Sat Apr 13 22:26:12 CEST 2019</td>
</tr>
<tr><td>Total time:</td><td>189 seconds (189809 ms)</td>
</tr><tr>
<td>Included groups:</td><td></td>
</tr><tr>
<td>Excluded groups:</td><td></td>
</tr>
</table><p/>
<small><i>(Hover the method name to see the test class name)</i></small><p/>
<table width='100%' border='1' class='invocation-failed'>
<tr><td colspan='4' align='center'><b>FAILED TESTS</b></td></tr>
<tr><td><b>Test method</b></td>
<td width="30%"><b>Exception</b></td>
<td width="10%"><b>Time (seconds)</b></td>
<td><b>Instance</b></td>
</tr>
<tr>
<td title='com.apcoworldwide.qa.testcases.ContactPageTest.verifyContactPageTitleTest()'><b>verifyContactPageTitleTest</b><br>Test class: com.apcoworldwide.qa.testcases.ContactPageTest</td>
<td><div><pre>java.lang.AssertionError: Home page title not matched expected [Contact -  APCO Worldwide] but found [Contact – APCO Worldwide]
	at com.apcoworldwide.qa.testcases.ContactPageTest.verifyContactPageTitleTest(ContactPageTest.java:43)
... Removed 30 stack frames</pre></div><a href='#' onClick='toggleBox("stack-trace1290614253", this, "Click to show all stack frames", "Click to hide stack frames")'>Click to show all stack frames</a>
<div class='stack-trace' id='stack-trace1290614253'><pre>java.lang.AssertionError: Home page title not matched expected [Contact -  APCO Worldwide] but found [Contact – APCO Worldwide]
	at org.testng.Assert.fail(Assert.java:96)
	at org.testng.Assert.failNotEquals(Assert.java:776)
	at org.testng.Assert.assertEqualsImpl(Assert.java:137)
	at org.testng.Assert.assertEquals(Assert.java:118)
	at org.testng.Assert.assertEquals(Assert.java:453)
	at com.apcoworldwide.qa.testcases.ContactPageTest.verifyContactPageTitleTest(ContactPageTest.java:43)
	at sun.reflect.NativeMethodAccessorImpl.invoke0(Native Method)
	at sun.reflect.NativeMethodAccessorImpl.invoke(NativeMethodAccessorImpl.java:62)
	at sun.reflect.DelegatingMethodAccessorImpl.invoke(DelegatingMethodAccessorImpl.java:43)
	at java.lang.reflect.Method.invoke(Method.java:498)
	at org.testng.internal.MethodInvocationHelper.invokeMethod(MethodInvocationHelper.java:124)
	at org.testng.internal.Invoker.invokeMethod(Invoker.java:580)
	at org.testng.internal.Invoker.invokeTestMethod(Invoker.java:716)
	at org.testng.internal.Invoker.invokeTestMethods(Invoker.java:988)
	at org.testng.internal.TestMethodWorker.invokeTestMethods(TestMethodWorker.java:125)
	at org.testng.internal.TestMethodWorker.run(TestMethodWorker.java:109)
	at org.testng.TestRunner.privateRun(TestRunner.java:648)
	at org.testng.TestRunner.run(TestRunner.java:505)
	at org.testng.SuiteRunner.runTest(SuiteRunner.java:455)
	at org.testng.SuiteRunner.runSequentially(SuiteRunner.java:450)
	at org.testng.SuiteRunner.privateRun(SuiteRunner.java:415)
	at org.testng.SuiteRunner.run(SuiteRunner.java:364)
	at org.testng.SuiteRunnerWorker.runSuite(SuiteRunnerWorker.java:52)
	at org.testng.SuiteRunnerWorker.run(SuiteRunnerWorker.java:84)
	at org.testng.TestNG.runSuitesSequentially(TestNG.java:1208)
	at org.testng.TestNG.runSuitesLocally(TestNG.java:1137)
	at org.testng.TestNG.runSuites(TestNG.java:1049)
	at org.testng.TestNG.run(TestNG.java:1017)
	at org.testng.remote.AbstractRemoteTestNG.run(AbstractRemoteTestNG.java:114)
	at org.testng.remote.RemoteTestNG.initAndRun(RemoteTestNG.java:251)
	at org.testng.remote.RemoteTestNG.main(RemoteTestNG.java:77)
</pre></div></td>
<td>0</td>
<td>com.apcoworldwide.qa.testcases.ContactPageTest@2f01783a</td></tr>
</table><p>
<table width='100%' border='1' class='invocation-passed'>
<tr><td colspan='4' align='center'><b>PASSED TESTS</b></td></tr>
<tr><td><b>Test method</b></td>
<td width="30%"><b>Exception</b></td>
<td width="10%"><b>Time (seconds)</b></td>
<td><b>Instance</b></td>
</tr>
<tr>
<td title='com.apcoworldwide.qa.testcases.AboutPageTest.verifyAboutPageTitleTest()'><b>verifyAboutPageTitleTest</b><br>Test class: com.apcoworldwide.qa.testcases.AboutPageTest</td>
<td></td>
<td>0</td>
<td>com.apcoworldwide.qa.testcases.AboutPageTest@41488b16</td></tr>
<tr>
<td title='com.apcoworldwide.qa.testcases.BlogPageTest.verifyBlogPageTitleTest()'><b>verifyBlogPageTitleTest</b><br>Test class: com.apcoworldwide.qa.testcases.BlogPageTest</td>
<td></td>
<td>0</td>
<td>com.apcoworldwide.qa.testcases.BlogPageTest@a8ef162</td></tr>
<tr>
<td title='com.apcoworldwide.qa.testcases.HomePageTest.verifyHomePageTitleTest()'><b>verifyHomePageTitleTest</b><br>Test class: com.apcoworldwide.qa.testcases.HomePageTest</td>
<td></td>
<td>0</td>
<td>com.apcoworldwide.qa.testcases.HomePageTest@7ac296f6</td></tr>
<tr>
<td title='com.apcoworldwide.qa.testcases.LeadershipPageTest.verifyLeadershipPageTitleTest()'><b>verifyLeadershipPageTitleTest</b><br>Test class: com.apcoworldwide.qa.testcases.LeadershipPageTest</td>
<td></td>
<td>0</td>
<td>com.apcoworldwide.qa.testcases.LeadershipPageTest@68878f6d</td></tr>
<tr>
<td title='com.apcoworldwide.qa.testcases.NewsPageTest.verifyNewsPageTitleTest()'><b>verifyNewsPageTitleTest</b><br>Test class: com.apcoworldwide.qa.testcases.NewsPageTest</td>
<td></td>
<td>0</td>
<td>com.apcoworldwide.qa.testcases.NewsPageTest@7fd7a283</td></tr>
<tr>
<td title='com.apcoworldwide.qa.testcases.WorkPageTest.verifyWorkPageTitleTest()'><b>verifyWorkPageTitleTest</b><br>Test class: com.apcoworldwide.qa.testcases.WorkPageTest</td>
<td></td>
<td>0</td>
<td>com.apcoworldwide.qa.testcases.WorkPageTest@2eea88a1</td></tr>
</table><p>
</body>
</html>